<?xml version="1.0" encoding="UTF-8"?>
<robot generator="Robot 7.1 (Python 3.10.12 on linux)" generated="2024-10-15T00:31:17.468808" rpa="false" schemaversion="5">
<suite id="s1" name="Tests Login" source="/home/cristiano/Documentos/workspace/robot-api/TestCases/tests_login.robot">
<kw name="Criar Sessão" owner="Hooks" type="SETUP">
<kw name="Create Session" owner="RequestsLibrary">
<msg time="2024-10-15T00:31:17.553807" level="INFO">Creating Session using : alias=api, url=http://localhost:3000, headers={},                     cookies={}, auth=None, timeout=None, proxies=None, verify=False,                     debug=0 </msg>
<arg>alias=api</arg>
<arg>url=http://localhost:3000</arg>
<doc>Create Session: create a HTTP session to a server</doc>
<status status="PASS" start="2024-10-15T00:31:17.553652" elapsed="0.000277"/>
</kw>
<status status="PASS" start="2024-10-15T00:31:17.553282" elapsed="0.000703"/>
</kw>
<test id="s1-t1" name="Scenario 1: Authentication successful" line="9">
<kw name="User Creation" owner="Users">
<kw name="Create Dictionary" owner="BuiltIn">
<msg time="2024-10-15T00:31:17.554700" level="INFO">${header} = {'Content-Type': 'application/json'}</msg>
<var>${header}</var>
<arg>Content-Type=application/json</arg>
<doc>Creates and returns a dictionary based on the given ``items``.</doc>
<status status="PASS" start="2024-10-15T00:31:17.554509" elapsed="0.000209"/>
</kw>
<kw name="POST On Session" owner="RequestsLibrary">
<msg time="2024-10-15T00:31:17.558183" level="INFO">POST Request : url=http://localhost:3000/usuarios 
 path_url=/usuarios 
 headers={'User-Agent': 'python-requests/2.32.3', 'Accept-Encoding': 'gzip, deflate', 'Accept': '*/*', 'Connection': 'keep-alive', 'Content-Type': 'application/json', 'Content-Length': '109'} 
 body={"nome": "Cristiano Ferreira", "email": "cristiano@email.com", "password": "Abc123", "administrador": "true"} 
 </msg>
<msg time="2024-10-15T00:31:17.558244" level="INFO">POST Response : url=http://localhost:3000/usuarios 
 status=201, reason=Created 
 headers={'Access-Control-Allow-Origin': '*', 'x-dns-prefetch-control': 'off', 'x-frame-options': 'SAMEORIGIN', 'strict-transport-security': 'max-age=15552000; includeSubDomains', 'x-download-options': 'noopen', 'x-content-type-options': 'nosniff', 'x-xss-protection': '1; mode=block', 'Content-Type': 'application/json; charset=utf-8', 'Content-Length': '82', 'Date': 'Tue, 15 Oct 2024 03:31:17 GMT', 'Connection': 'keep-alive', 'Keep-Alive': 'timeout=5'} 
 body={
    "message": "Cadastro realizado com sucesso",
    "_id": "Y2GwDlI77dC1IUrk"
} 
 </msg>
<msg time="2024-10-15T00:31:17.558328" level="INFO">${response} = &lt;Response [201]&gt;</msg>
<var>${response}</var>
<arg>alias=api</arg>
<arg>url=/usuarios</arg>
<arg>headers=${header}</arg>
<arg>data={"nome": "Cristiano Ferreira", "email": "cristiano@email.com", "password": "Abc123", "administrador": "true"}</arg>
<arg>expected_status=201</arg>
<doc>Sends a POST request on a previously created HTTP Session.</doc>
<status status="PASS" start="2024-10-15T00:31:17.554792" elapsed="0.003553"/>
</kw>
<kw name="Set Variable" owner="BuiltIn">
<msg time="2024-10-15T00:31:17.558858" level="INFO">${user_id} = Y2GwDlI77dC1IUrk</msg>
<var>${user_id}</var>
<arg>${response.json()['_id']}</arg>
<doc>Returns the given values which can then be assigned to a variables.</doc>
<status status="PASS" start="2024-10-15T00:31:17.558462" elapsed="0.000417"/>
</kw>
<kw name="Set Variable" owner="BuiltIn">
<msg time="2024-10-15T00:31:17.559292" level="INFO">${message} = Cadastro realizado com sucesso</msg>
<var>${message}</var>
<arg>${response.json()['message']}</arg>
<doc>Returns the given values which can then be assigned to a variables.</doc>
<status status="PASS" start="2024-10-15T00:31:17.558969" elapsed="0.000340"/>
</kw>
<kw name="Should Be Equal" owner="BuiltIn">
<arg>${message}</arg>
<arg>Cadastro realizado com sucesso</arg>
<doc>Fails if the given objects are unequal.</doc>
<status status="PASS" start="2024-10-15T00:31:17.559392" elapsed="0.000135"/>
</kw>
<kw name="Should Be Equal" owner="BuiltIn">
<arg>${user_id}</arg>
<arg>${user_id}</arg>
<doc>Fails if the given objects are unequal.</doc>
<status status="PASS" start="2024-10-15T00:31:17.559607" elapsed="0.000161"/>
</kw>
<return>
<value>${user_id}</value>
<status status="PASS" start="2024-10-15T00:31:17.559808" elapsed="0.000030"/>
</return>
<msg time="2024-10-15T00:31:17.559931" level="INFO">${user_id} = Y2GwDlI77dC1IUrk</msg>
<var>${user_id}</var>
<status status="PASS" start="2024-10-15T00:31:17.554329" elapsed="0.005617"/>
</kw>
<kw name="Authentication" owner="Auth">
<kw name="Create Dictionary" owner="BuiltIn">
<msg time="2024-10-15T00:31:17.560478" level="INFO">${header} = {'Content-Type': 'application/json'}</msg>
<var>${header}</var>
<arg>Content-Type=application/json</arg>
<doc>Creates and returns a dictionary based on the given ``items``.</doc>
<status status="PASS" start="2024-10-15T00:31:17.560358" elapsed="0.000137"/>
</kw>
<kw name="POST On Session" owner="RequestsLibrary">
<msg time="2024-10-15T00:31:17.563216" level="INFO">POST Request : url=http://localhost:3000/login 
 path_url=/login 
 headers={'User-Agent': 'python-requests/2.32.3', 'Accept-Encoding': 'gzip, deflate', 'Accept': '*/*', 'Connection': 'keep-alive', 'Content-Type': 'application/json', 'Content-Length': '54'} 
 body={"email": "cristiano@email.com", "password": "Abc123"} 
 </msg>
<msg time="2024-10-15T00:31:17.563290" level="INFO">POST Response : url=http://localhost:3000/login 
 status=200, reason=OK 
 headers={'Access-Control-Allow-Origin': '*', 'x-dns-prefetch-control': 'off', 'x-frame-options': 'SAMEORIGIN', 'strict-transport-security': 'max-age=15552000; includeSubDomains', 'x-download-options': 'noopen', 'x-content-type-options': 'nosniff', 'x-xss-protection': '1; mode=block', 'Content-Type': 'application/json; charset=utf-8', 'Content-Length': '275', 'Date': 'Tue, 15 Oct 2024 03:31:17 GMT', 'Connection': 'keep-alive', 'Keep-Alive': 'timeout=5'} 
 body={
    "message": "Login realizado com sucesso",
    "authorization": "Bearer eyJhbGciOiJIUzI1NiIsInR5cCI6IkpXVCJ9.eyJlbWFpbCI6ImNyaXN0aWFub0BlbWFpbC5jb20iLCJwYXNzd29yZCI6IkFiYzEyMyIsImlhdCI6MTcyODk2MzA3NywiZXhwIjoxNzI4OTYzNjc3fQ.8icGYTSYqYLbZ2bCOhQ5apI4a9Xo4kGgX1tIeqlmKmQ"
} 
 </msg>
<msg time="2024-10-15T00:31:17.563404" level="INFO">${response} = &lt;Response [200]&gt;</msg>
<var>${response}</var>
<arg>alias=api</arg>
<arg>url=/login</arg>
<arg>headers=${header}</arg>
<arg>data={"email": "${email}", "password": "${password}"}</arg>
<arg>expected_status=200</arg>
<doc>Sends a POST request on a previously created HTTP Session.</doc>
<status status="PASS" start="2024-10-15T00:31:17.560565" elapsed="0.002857"/>
</kw>
<kw name="Set Variable" owner="BuiltIn">
<msg time="2024-10-15T00:31:17.564458" level="INFO">${token} = Bearer eyJhbGciOiJIUzI1NiIsInR5cCI6IkpXVCJ9.eyJlbWFpbCI6ImNyaXN0aWFub0BlbWFpbC5jb20iLCJwYXNzd29yZCI6IkFiYzEyMyIsImlhdCI6MTcyODk2MzA3NywiZXhwIjoxNzI4OTYzNjc3fQ.8icGYTSYqYLbZ2bCOhQ5apI4a9Xo4kGgX1tIeqlmK...</msg>
<var>${token}</var>
<arg>${response.json()['authorization']}</arg>
<doc>Returns the given values which can then be assigned to a variables.</doc>
<status status="PASS" start="2024-10-15T00:31:17.563566" elapsed="0.000930"/>
</kw>
<kw name="Set Variable" owner="BuiltIn">
<msg time="2024-10-15T00:31:17.564991" level="INFO">${message} = Login realizado com sucesso</msg>
<var>${message}</var>
<arg>${response.json()['message']}</arg>
<doc>Returns the given values which can then be assigned to a variables.</doc>
<status status="PASS" start="2024-10-15T00:31:17.564655" elapsed="0.000352"/>
</kw>
<kw name="Should Be Equal" owner="BuiltIn">
<arg>${message}</arg>
<arg>Login realizado com sucesso</arg>
<doc>Fails if the given objects are unequal.</doc>
<status status="PASS" start="2024-10-15T00:31:17.565099" elapsed="0.000133"/>
</kw>
<kw name="Should Not Be Empty" owner="BuiltIn">
<msg time="2024-10-15T00:31:17.565392" level="INFO">Length is 202.</msg>
<arg>${token}</arg>
<doc>Verifies that the given item is not empty.</doc>
<status status="PASS" start="2024-10-15T00:31:17.565307" elapsed="0.000112"/>
</kw>
<return>
<value>${token}</value>
<status status="PASS" start="2024-10-15T00:31:17.565451" elapsed="0.000080"/>
</return>
<msg time="2024-10-15T00:31:17.565658" level="INFO">${token} = Bearer eyJhbGciOiJIUzI1NiIsInR5cCI6IkpXVCJ9.eyJlbWFpbCI6ImNyaXN0aWFub0BlbWFpbC5jb20iLCJwYXNzd29yZCI6IkFiYzEyMyIsImlhdCI6MTcyODk2MzA3NywiZXhwIjoxNzI4OTYzNjc3fQ.8icGYTSYqYLbZ2bCOhQ5apI4a9Xo4kGgX1tIeqlmK...</msg>
<var>${token}</var>
<arg>email=cristiano@email.com</arg>
<arg>password=Abc123</arg>
<status status="PASS" start="2024-10-15T00:31:17.560131" elapsed="0.005544"/>
</kw>
<kw name="Delete User" owner="Users">
<kw name="DELETE On Session" owner="RequestsLibrary">
<msg time="2024-10-15T00:31:17.568802" level="INFO">DELETE Request : url=http://localhost:3000/usuarios/Y2GwDlI77dC1IUrk 
 path_url=/usuarios/Y2GwDlI77dC1IUrk 
 headers={'User-Agent': 'python-requests/2.32.3', 'Accept-Encoding': 'gzip, deflate', 'Accept': '*/*', 'Connection': 'keep-alive', 'Content-Length': '0'} 
 body=None 
 </msg>
<msg time="2024-10-15T00:31:17.568865" level="INFO">DELETE Response : url=http://localhost:3000/usuarios/Y2GwDlI77dC1IUrk 
 status=200, reason=OK 
 headers={'Access-Control-Allow-Origin': '*', 'x-dns-prefetch-control': 'off', 'x-frame-options': 'SAMEORIGIN', 'strict-transport-security': 'max-age=15552000; includeSubDomains', 'x-download-options': 'noopen', 'x-content-type-options': 'nosniff', 'x-xss-protection': '1; mode=block', 'Content-Type': 'application/json; charset=utf-8', 'Content-Length': '51', 'Date': 'Tue, 15 Oct 2024 03:31:17 GMT', 'Connection': 'keep-alive', 'Keep-Alive': 'timeout=5'} 
 body={
    "message": "Registro excluído com sucesso"
} 
 </msg>
<msg time="2024-10-15T00:31:17.568957" level="INFO">${response} = &lt;Response [200]&gt;</msg>
<var>${response}</var>
<arg>alias=api</arg>
<arg>url=/usuarios/${user_id}</arg>
<arg>expected_status=200</arg>
<doc>Sends a DELETE request on a previously created HTTP Session.</doc>
<status status="PASS" start="2024-10-15T00:31:17.566110" elapsed="0.002864"/>
</kw>
<kw name="Set Variable" owner="BuiltIn">
<msg time="2024-10-15T00:31:17.569438" level="INFO">${message} = Registro excluído com sucesso</msg>
<var>${message}</var>
<arg>${response.json()['message']}</arg>
<doc>Returns the given values which can then be assigned to a variables.</doc>
<status status="PASS" start="2024-10-15T00:31:17.569095" elapsed="0.000362"/>
</kw>
<kw name="Should Be Equal" owner="BuiltIn">
<arg>${message}</arg>
<arg>Registro excluído com sucesso</arg>
<doc>Fails if the given objects are unequal.</doc>
<status status="PASS" start="2024-10-15T00:31:17.569547" elapsed="0.000128"/>
</kw>
<arg>user_id=${user_id}</arg>
<status status="PASS" start="2024-10-15T00:31:17.565873" elapsed="0.003850"/>
</kw>
<doc>Tests for user creation</doc>
<tag>create</tag>
<status status="PASS" start="2024-10-15T00:31:17.554030" elapsed="0.015810"/>
</test>
<kw name="Encerrar Sessão" owner="Hooks" type="TEARDOWN">
<kw name="Delete All Sessions" owner="RequestsLibrary">
<msg time="2024-10-15T00:31:17.570487" level="INFO">Deleting All Sessions</msg>
<doc>Removes all the session objects</doc>
<status status="PASS" start="2024-10-15T00:31:17.570431" elapsed="0.000106"/>
</kw>
<status status="PASS" start="2024-10-15T00:31:17.570294" elapsed="0.000280"/>
</kw>
<status status="PASS" start="2024-10-15T00:31:17.469501" elapsed="0.101091"/>
</suite>
<statistics>
<total>
<stat pass="1" fail="0" skip="0">All Tests</stat>
</total>
<tag>
<stat pass="1" fail="0" skip="0">create</stat>
</tag>
<suite>
<stat pass="1" fail="0" skip="0" id="s1" name="Tests Login">Tests Login</stat>
</suite>
</statistics>
<errors>
</errors>
</robot>
